{"C:\\Users\\Andy\\Desktop\\CRUD-API\\index.ts": {"path":"C:\\Users\\Andy\\Desktop\\CRUD-API\\index.ts","statementMap":{"0":{"start":{"line":1,"column":0},"end":{"line":1,"column":53}},"1":{"start":{"line":2,"column":0},"end":{"line":2,"column":42}},"2":{"start":{"line":3,"column":0},"end":{"line":3,"column":47}},"3":{"start":{"line":4,"column":0},"end":{"line":4,"column":44}},"4":{"start":{"line":5,"column":0},"end":{"line":5,"column":22}},"5":{"start":{"line":7,"column":12},"end":{"line":7,"column":29}},"6":{"start":{"line":9,"column":0},"end":{"line":9,"column":null}},"7":{"start":{"line":10,"column":0},"end":{"line":10,"column":43}},"8":{"start":{"line":12,"column":0},"end":{"line":12,"column":null}},"9":{"start":{"line":14,"column":0},"end":{"line":14,"column":19}}},"fnMap":{},"branchMap":{},"s":{"0":1,"1":1,"2":1,"3":1,"4":1,"5":1,"6":1,"7":1,"8":1,"9":1},"f":{},"b":{}}
,"C:\\Users\\Andy\\Desktop\\CRUD-API\\framework\\Application.ts": {"path":"C:\\Users\\Andy\\Desktop\\CRUD-API\\framework\\Application.ts","statementMap":{"0":{"start":{"line":1,"column":0},"end":{"line":1,"column":23}},"1":{"start":{"line":2,"column":0},"end":{"line":2,"column":33}},"2":{"start":{"line":8,"column":2},"end":{"line":8,"column":null}},"3":{"start":{"line":10,"column":4},"end":{"line":10,"column":null}},"4":{"start":{"line":11,"column":4},"end":{"line":11,"column":null}},"5":{"start":{"line":12,"column":4},"end":{"line":12,"column":null}},"6":{"start":{"line":16,"column":4},"end":{"line":16,"column":38}},"7":{"start":{"line":20,"column":4},"end":{"line":28,"column":null}},"8":{"start":{"line":21,"column":23},"end":{"line":21,"column":45}},"9":{"start":{"line":22,"column":6},"end":{"line":27,"column":null}},"10":{"start":{"line":23,"column":8},"end":{"line":26,"column":null}},"11":{"start":{"line":24,"column":26},"end":{"line":24,"column":42}},"12":{"start":{"line":25,"column":10},"end":{"line":25,"column":null}},"13":{"start":{"line":32,"column":4},"end":{"line":51,"column":null}},"14":{"start":{"line":33,"column":19},"end":{"line":33,"column":21}},"15":{"start":{"line":35,"column":8},"end":{"line":37,"column":null}},"16":{"start":{"line":36,"column":11},"end":{"line":36,"column":25}},"17":{"start":{"line":39,"column":8},"end":{"line":50,"column":null}},"18":{"start":{"line":40,"column":12},"end":{"line":43,"column":null}},"19":{"start":{"line":42,"column":16},"end":{"line":42,"column":44}},"20":{"start":{"line":44,"column":12},"end":{"line":44,"column":null}},"21":{"start":{"line":44,"column":58},"end":{"line":44,"column":78}},"22":{"start":{"line":46,"column":28},"end":{"line":46,"column":101}},"23":{"start":{"line":47,"column":12},"end":{"line":49,"column":null}},"24":{"start":{"line":48,"column":16},"end":{"line":48,"column":null}},"25":{"start":{"line":55,"column":4},"end":{"line":55,"column":null}},"26":{"start":{"line":59,"column":4},"end":{"line":59,"column":null}},"27":{"start":{"line":5,"column":0},"end":{"line":5,"column":13}}},"fnMap":{"0":{"name":"(anonymous_1)","decl":{"start":{"line":9,"column":2},"end":{"line":9,"column":null}},"loc":{"start":{"line":9,"column":2},"end":{"line":13,"column":3}}},"1":{"name":"(anonymous_2)","decl":{"start":{"line":15,"column":2},"end":{"line":15,"column":5}},"loc":{"start":{"line":15,"column":21},"end":{"line":17,"column":3}}},"2":{"name":"(anonymous_3)","decl":{"start":{"line":19,"column":2},"end":{"line":19,"column":11}},"loc":{"start":{"line":19,"column":23},"end":{"line":29,"column":3}}},"3":{"name":"(anonymous_4)","decl":{"start":{"line":20,"column":42},"end":{"line":20,"column":46}},"loc":{"start":{"line":20,"column":49},"end":{"line":28,"column":5}}},"4":{"name":"(anonymous_5)","decl":{"start":{"line":22,"column":36},"end":{"line":22,"column":42}},"loc":{"start":{"line":22,"column":45},"end":{"line":27,"column":7}}},"5":{"name":"(anonymous_6)","decl":{"start":{"line":23,"column":58},"end":{"line":23,"column":59}},"loc":{"start":{"line":23,"column":71},"end":{"line":26,"column":9}}},"6":{"name":"(anonymous_7)","decl":{"start":{"line":31,"column":2},"end":{"line":31,"column":15}},"loc":{"start":{"line":31,"column":15},"end":{"line":52,"column":3}}},"7":{"name":"(anonymous_8)","decl":{"start":{"line":32,"column":29},"end":{"line":32,"column":30}},"loc":{"start":{"line":32,"column":47},"end":{"line":51,"column":5}}},"8":{"name":"(anonymous_9)","decl":{"start":{"line":35,"column":23},"end":{"line":35,"column":24}},"loc":{"start":{"line":35,"column":38},"end":{"line":37,"column":9}}},"9":{"name":"(anonymous_10)","decl":{"start":{"line":39,"column":22},"end":{"line":39,"column":25}},"loc":{"start":{"line":39,"column":27},"end":{"line":50,"column":9}}},"10":{"name":"(anonymous_11)","decl":{"start":{"line":44,"column":37},"end":{"line":44,"column":38}},"loc":{"start":{"line":44,"column":58},"end":{"line":44,"column":78}}},"11":{"name":"(anonymous_12)","decl":{"start":{"line":54,"column":2},"end":{"line":54,"column":15}},"loc":{"start":{"line":54,"column":44},"end":{"line":56,"column":3}}},"12":{"name":"(anonymous_13)","decl":{"start":{"line":58,"column":2},"end":{"line":58,"column":8}},"loc":{"start":{"line":58,"column":33},"end":{"line":60,"column":3}}}},"branchMap":{"0":{"loc":{"start":{"line":40,"column":12},"end":{"line":43,"column":null}},"type":"if","locations":[{"start":{"line":40,"column":12},"end":{"line":43,"column":null}}]},"1":{"loc":{"start":{"line":47,"column":12},"end":{"line":49,"column":null}},"type":"if","locations":[{"start":{"line":47,"column":12},"end":{"line":49,"column":null}}]}},"s":{"0":1,"1":1,"2":1,"3":1,"4":1,"5":1,"6":2,"7":1,"8":1,"9":1,"10":2,"11":0,"12":0,"13":1,"14":0,"15":0,"16":0,"17":0,"18":0,"19":0,"20":0,"21":0,"22":0,"23":0,"24":0,"25":2,"26":0,"27":1},"f":{"0":1,"1":2,"2":1,"3":1,"4":2,"5":0,"6":1,"7":0,"8":0,"9":0,"10":0,"11":2,"12":0},"b":{"0":[0],"1":[0]}}
,"C:\\Users\\Andy\\Desktop\\CRUD-API\\framework\\Router.ts": {"path":"C:\\Users\\Andy\\Desktop\\CRUD-API\\framework\\Router.ts","statementMap":{"0":{"start":{"line":4,"column":4},"end":{"line":4,"column":null}},"1":{"start":{"line":8,"column":4},"end":{"line":10,"column":null}},"2":{"start":{"line":9,"column":6},"end":{"line":9,"column":null}},"3":{"start":{"line":12,"column":21},"end":{"line":12,"column":41}},"4":{"start":{"line":13,"column":4},"end":{"line":15,"column":null}},"5":{"start":{"line":14,"column":6},"end":{"line":14,"column":null}},"6":{"start":{"line":17,"column":4},"end":{"line":17,"column":null}},"7":{"start":{"line":21,"column":4},"end":{"line":21,"column":null}},"8":{"start":{"line":25,"column":4},"end":{"line":25,"column":null}},"9":{"start":{"line":29,"column":4},"end":{"line":29,"column":null}},"10":{"start":{"line":33,"column":4},"end":{"line":33,"column":null}},"11":{"start":{"line":1,"column":0},"end":{"line":1,"column":13}}},"fnMap":{"0":{"name":"(anonymous_0)","decl":{"start":{"line":3,"column":2},"end":{"line":3,"column":null}},"loc":{"start":{"line":3,"column":2},"end":{"line":5,"column":3}}},"1":{"name":"(anonymous_1)","decl":{"start":{"line":7,"column":2},"end":{"line":7,"column":9}},"loc":{"start":{"line":7,"column":49},"end":{"line":18,"column":3}}},"2":{"name":"(anonymous_2)","decl":{"start":{"line":20,"column":2},"end":{"line":20,"column":5}},"loc":{"start":{"line":20,"column":32},"end":{"line":22,"column":3}}},"3":{"name":"(anonymous_3)","decl":{"start":{"line":24,"column":2},"end":{"line":24,"column":6}},"loc":{"start":{"line":24,"column":33},"end":{"line":26,"column":3}}},"4":{"name":"(anonymous_4)","decl":{"start":{"line":28,"column":2},"end":{"line":28,"column":5}},"loc":{"start":{"line":28,"column":32},"end":{"line":30,"column":3}}},"5":{"name":"(anonymous_5)","decl":{"start":{"line":32,"column":2},"end":{"line":32,"column":8}},"loc":{"start":{"line":32,"column":35},"end":{"line":34,"column":3}}}},"branchMap":{"0":{"loc":{"start":{"line":7,"column":10},"end":{"line":7,"column":24}},"type":"default-arg","locations":[{"start":{"line":7,"column":19},"end":{"line":7,"column":24}}]},"1":{"loc":{"start":{"line":8,"column":4},"end":{"line":10,"column":null}},"type":"if","locations":[{"start":{"line":8,"column":4},"end":{"line":10,"column":null}}]},"2":{"loc":{"start":{"line":13,"column":4},"end":{"line":15,"column":null}},"type":"if","locations":[{"start":{"line":13,"column":4},"end":{"line":15,"column":null}}]}},"s":{"0":1,"1":2,"2":1,"3":2,"4":2,"5":0,"6":2,"7":1,"8":1,"9":0,"10":0,"11":1},"f":{"0":1,"1":2,"2":1,"3":1,"4":0,"5":0},"b":{"0":[0],"1":[1],"2":[0]}}
,"C:\\Users\\Andy\\Desktop\\CRUD-API\\framework\\parseJson.ts": {"path":"C:\\Users\\Andy\\Desktop\\CRUD-API\\framework\\parseJson.ts","statementMap":{"0":{"start":{"line":1,"column":0},"end":{"line":8,"column":null}},"1":{"start":{"line":2,"column":2},"end":{"line":4,"column":null}},"2":{"start":{"line":5,"column":2},"end":{"line":7,"column":null}},"3":{"start":{"line":6,"column":6},"end":{"line":6,"column":36}}},"fnMap":{"0":{"name":"(anonymous_0)","decl":{"start":{"line":1,"column":9},"end":{"line":1,"column":10}},"loc":{"start":{"line":1,"column":32},"end":{"line":8,"column":1}}},"1":{"name":"(anonymous_1)","decl":{"start":{"line":5,"column":13},"end":{"line":5,"column":14}},"loc":{"start":{"line":5,"column":27},"end":{"line":7,"column":3}}}},"branchMap":{},"s":{"0":1,"1":0,"2":0,"3":0},"f":{"0":0,"1":0},"b":{}}
,"C:\\Users\\Andy\\Desktop\\CRUD-API\\framework\\parseUrl.ts": {"path":"C:\\Users\\Andy\\Desktop\\CRUD-API\\framework\\parseUrl.ts","statementMap":{"0":{"start":{"line":1,"column":0},"end":{"line":1,"column":48}},"1":{"start":{"line":3,"column":0},"end":{"line":55,"column":null}},"2":{"start":{"line":3,"column":27},"end":{"line":55,"column":null}},"3":{"start":{"line":3,"column":56},"end":{"line":55,"column":null}},"4":{"start":{"line":5,"column":2},"end":{"line":54,"column":null}},"5":{"start":{"line":6,"column":22},"end":{"line":6,"column":47}},"6":{"start":{"line":7,"column":24},"end":{"line":7,"column":26}},"7":{"start":{"line":8,"column":4},"end":{"line":8,"column":null}},"8":{"start":{"line":8,"column":51},"end":{"line":8,"column":70}},"9":{"start":{"line":9,"column":4},"end":{"line":47,"column":null}},"10":{"start":{"line":10,"column":19},"end":{"line":10,"column":79}},"11":{"start":{"line":10,"column":45},"end":{"line":10,"column":78}},"12":{"start":{"line":11,"column":6},"end":{"line":16,"column":null}},"13":{"start":{"line":12,"column":10},"end":{"line":12,"column":40}},"14":{"start":{"line":14,"column":10},"end":{"line":14,"column":69}},"15":{"start":{"line":15,"column":10},"end":{"line":15,"column":65}},"16":{"start":{"line":18,"column":11},"end":{"line":47,"column":null}},"17":{"start":{"line":19,"column":21},"end":{"line":19,"column":75}},"18":{"start":{"line":19,"column":44},"end":{"line":19,"column":74}},"19":{"start":{"line":20,"column":8},"end":{"line":29,"column":null}},"20":{"start":{"line":21,"column":10},"end":{"line":21,"column":44}},"21":{"start":{"line":22,"column":10},"end":{"line":22,"column":34}},"22":{"start":{"line":23,"column":10},"end":{"line":23,"column":42}},"23":{"start":{"line":24,"column":10},"end":{"line":24,"column":40}},"24":{"start":{"line":27,"column":10},"end":{"line":27,"column":69}},"25":{"start":{"line":28,"column":10},"end":{"line":28,"column":230}},"26":{"start":{"line":30,"column":11},"end":{"line":47,"column":null}},"27":{"start":{"line":31,"column":17},"end":{"line":31,"column":38}},"28":{"start":{"line":32,"column":24},"end":{"line":32,"column":64}},"29":{"start":{"line":32,"column":52},"end":{"line":32,"column":63}},"30":{"start":{"line":33,"column":6},"end":{"line":40,"column":null}},"31":{"start":{"line":34,"column":21},"end":{"line":34,"column":50}},"32":{"start":{"line":35,"column":8},"end":{"line":35,"column":38}},"33":{"start":{"line":38,"column":8},"end":{"line":38,"column":67}},"34":{"start":{"line":39,"column":8},"end":{"line":39,"column":63}},"35":{"start":{"line":41,"column":11},"end":{"line":47,"column":null}},"36":{"start":{"line":42,"column":6},"end":{"line":42,"column":65}},"37":{"start":{"line":43,"column":6},"end":{"line":43,"column":64}},"38":{"start":{"line":44,"column":11},"end":{"line":47,"column":null}},"39":{"start":{"line":45,"column":6},"end":{"line":45,"column":65}},"40":{"start":{"line":46,"column":6},"end":{"line":46,"column":68}},"41":{"start":{"line":48,"column":4},"end":{"line":48,"column":38}},"42":{"start":{"line":49,"column":4},"end":{"line":49,"column":24}},"43":{"start":{"line":52,"column":4},"end":{"line":52,"column":63}},"44":{"start":{"line":53,"column":4},"end":{"line":53,"column":72}}},"fnMap":{"0":{"name":"(anonymous_7)","decl":{"start":{"line":3,"column":9},"end":{"line":3,"column":10}},"loc":{"start":{"line":3,"column":27},"end":{"line":55,"column":null}}},"1":{"name":"(anonymous_8)","decl":{"start":{"line":3,"column":27},"end":{"line":3,"column":34}},"loc":{"start":{"line":3,"column":56},"end":{"line":55,"column":null}}},"2":{"name":"(anonymous_9)","decl":{"start":{"line":3,"column":56},"end":{"line":3,"column":null}},"loc":{"start":{"line":3,"column":56},"end":{"line":55,"column":1}}},"3":{"name":"(anonymous_10)","decl":{"start":{"line":8,"column":35},"end":{"line":8,"column":36}},"loc":{"start":{"line":8,"column":51},"end":{"line":8,"column":70}}},"4":{"name":"(anonymous_11)","decl":{"start":{"line":10,"column":30},"end":{"line":10,"column":31}},"loc":{"start":{"line":10,"column":45},"end":{"line":10,"column":78}}},"5":{"name":"(anonymous_12)","decl":{"start":{"line":19,"column":32},"end":{"line":19,"column":33}},"loc":{"start":{"line":19,"column":44},"end":{"line":19,"column":74}}},"6":{"name":"(anonymous_13)","decl":{"start":{"line":32,"column":40},"end":{"line":32,"column":41}},"loc":{"start":{"line":32,"column":52},"end":{"line":32,"column":63}}}},"branchMap":{"0":{"loc":{"start":{"line":9,"column":4},"end":{"line":47,"column":null}},"type":"if","locations":[{"start":{"line":9,"column":4},"end":{"line":47,"column":null}},{"start":{"line":18,"column":11},"end":{"line":47,"column":null}}]},"1":{"loc":{"start":{"line":9,"column":8},"end":{"line":9,"column":141}},"type":"binary-expr","locations":[{"start":{"line":9,"column":8},"end":{"line":9,"column":117}},{"start":{"line":9,"column":121},"end":{"line":9,"column":141}}]},"2":{"loc":{"start":{"line":11,"column":6},"end":{"line":16,"column":null}},"type":"if","locations":[{"start":{"line":11,"column":6},"end":{"line":16,"column":null}},{"start":{"line":13,"column":10},"end":{"line":16,"column":null}}]},"3":{"loc":{"start":{"line":18,"column":11},"end":{"line":47,"column":null}},"type":"if","locations":[{"start":{"line":18,"column":11},"end":{"line":47,"column":null}},{"start":{"line":30,"column":11},"end":{"line":47,"column":null}}]},"4":{"loc":{"start":{"line":18,"column":15},"end":{"line":18,"column":148}},"type":"binary-expr","locations":[{"start":{"line":18,"column":15},"end":{"line":18,"column":124}},{"start":{"line":18,"column":128},"end":{"line":18,"column":148}}]},"5":{"loc":{"start":{"line":20,"column":8},"end":{"line":29,"column":null}},"type":"if","locations":[{"start":{"line":20,"column":8},"end":{"line":29,"column":null}},{"start":{"line":26,"column":12},"end":{"line":29,"column":null}}]},"6":{"loc":{"start":{"line":20,"column":11},"end":{"line":20,"column":236}},"type":"binary-expr","locations":[{"start":{"line":20,"column":11},"end":{"line":20,"column":19}},{"start":{"line":20,"column":23},"end":{"line":20,"column":51}},{"start":{"line":20,"column":55},"end":{"line":20,"column":68}},{"start":{"line":20,"column":72},"end":{"line":20,"column":105}},{"start":{"line":20,"column":110},"end":{"line":20,"column":122}},{"start":{"line":20,"column":126},"end":{"line":20,"column":153}},{"start":{"line":20,"column":158},"end":{"line":20,"column":193}},{"start":{"line":20,"column":197},"end":{"line":20,"column":235}}]},"7":{"loc":{"start":{"line":30,"column":11},"end":{"line":47,"column":null}},"type":"if","locations":[{"start":{"line":30,"column":11},"end":{"line":47,"column":null}},{"start":{"line":41,"column":11},"end":{"line":47,"column":null}}]},"8":{"loc":{"start":{"line":30,"column":15},"end":{"line":30,"column":151}},"type":"binary-expr","locations":[{"start":{"line":30,"column":15},"end":{"line":30,"column":124}},{"start":{"line":30,"column":128},"end":{"line":30,"column":151}}]},"9":{"loc":{"start":{"line":33,"column":6},"end":{"line":40,"column":null}},"type":"if","locations":[{"start":{"line":33,"column":6},"end":{"line":40,"column":null}},{"start":{"line":37,"column":10},"end":{"line":40,"column":null}}]},"10":{"loc":{"start":{"line":41,"column":11},"end":{"line":47,"column":null}},"type":"if","locations":[{"start":{"line":41,"column":11},"end":{"line":47,"column":null}},{"start":{"line":44,"column":11},"end":{"line":47,"column":null}}]},"11":{"loc":{"start":{"line":41,"column":15},"end":{"line":41,"column":155}},"type":"binary-expr","locations":[{"start":{"line":41,"column":15},"end":{"line":41,"column":125}},{"start":{"line":41,"column":129},"end":{"line":41,"column":155}}]},"12":{"loc":{"start":{"line":44,"column":11},"end":{"line":47,"column":null}},"type":"if","locations":[{"start":{"line":44,"column":11},"end":{"line":47,"column":null}}]},"13":{"loc":{"start":{"line":44,"column":15},"end":{"line":44,"column":166}},"type":"binary-expr","locations":[{"start":{"line":44,"column":15},"end":{"line":44,"column":52}},{"start":{"line":44,"column":56},"end":{"line":44,"column":166}}]}},"s":{"0":1,"1":1,"2":1,"3":0,"4":0,"5":0,"6":0,"7":0,"8":0,"9":0,"10":0,"11":0,"12":0,"13":0,"14":0,"15":0,"16":0,"17":0,"18":0,"19":0,"20":0,"21":0,"22":0,"23":0,"24":0,"25":0,"26":0,"27":0,"28":0,"29":0,"30":0,"31":0,"32":0,"33":0,"34":0,"35":0,"36":0,"37":0,"38":0,"39":0,"40":0,"41":0,"42":0,"43":0,"44":0},"f":{"0":1,"1":0,"2":0,"3":0,"4":0,"5":0,"6":0},"b":{"0":[0,0],"1":[0,0],"2":[0,0],"3":[0,0],"4":[0,0],"5":[0,0],"6":[0,0,0,0,0,0,0,0],"7":[0,0],"8":[0,0],"9":[0,0],"10":[0,0],"11":[0,0],"12":[0],"13":[0,0]}}
,"C:\\Users\\Andy\\Desktop\\CRUD-API\\src\\user-controller.ts": {"path":"C:\\Users\\Andy\\Desktop\\CRUD-API\\src\\user-controller.ts","statementMap":{"0":{"start":{"line":1,"column":0},"end":{"line":1,"column":36}},"1":{"start":{"line":3,"column":13},"end":{"line":6,"column":null}},"2":{"start":{"line":9,"column":25},"end":{"line":11,"column":null}},"3":{"start":{"line":9,"column":53},"end":{"line":11,"column":null}},"4":{"start":{"line":10,"column":2},"end":{"line":10,"column":18}},"5":{"start":{"line":9,"column":13},"end":{"line":9,"column":25}},"6":{"start":{"line":13,"column":26},"end":{"line":23,"column":null}},"7":{"start":{"line":13,"column":56},"end":{"line":23,"column":null}},"8":{"start":{"line":14,"column":15},"end":{"line":14,"column":23}},"9":{"start":{"line":15,"column":2},"end":{"line":22,"column":null}},"10":{"start":{"line":16,"column":4},"end":{"line":16,"column":null}},"11":{"start":{"line":17,"column":4},"end":{"line":17,"column":null}},"12":{"start":{"line":18,"column":4},"end":{"line":18,"column":19}},"13":{"start":{"line":20,"column":4},"end":{"line":20,"column":63}},"14":{"start":{"line":21,"column":4},"end":{"line":21,"column":188}},"15":{"start":{"line":13,"column":13},"end":{"line":13,"column":26}}},"fnMap":{"0":{"name":"(anonymous_7)","decl":{"start":{"line":9,"column":25},"end":{"line":9,"column":32}},"loc":{"start":{"line":9,"column":53},"end":{"line":11,"column":null}}},"1":{"name":"(anonymous_8)","decl":{"start":{"line":9,"column":53},"end":{"line":9,"column":null}},"loc":{"start":{"line":9,"column":53},"end":{"line":11,"column":1}}},"2":{"name":"(anonymous_9)","decl":{"start":{"line":13,"column":26},"end":{"line":13,"column":34}},"loc":{"start":{"line":13,"column":56},"end":{"line":23,"column":null}}},"3":{"name":"(anonymous_10)","decl":{"start":{"line":13,"column":56},"end":{"line":13,"column":null}},"loc":{"start":{"line":13,"column":56},"end":{"line":23,"column":1}}}},"branchMap":{"0":{"loc":{"start":{"line":15,"column":2},"end":{"line":22,"column":null}},"type":"if","locations":[{"start":{"line":15,"column":2},"end":{"line":22,"column":null}},{"start":{"line":19,"column":9},"end":{"line":22,"column":null}}]},"1":{"loc":{"start":{"line":15,"column":6},"end":{"line":15,"column":231}},"type":"binary-expr","locations":[{"start":{"line":15,"column":6},"end":{"line":15,"column":14}},{"start":{"line":15,"column":18},"end":{"line":15,"column":46}},{"start":{"line":15,"column":50},"end":{"line":15,"column":63}},{"start":{"line":15,"column":67},"end":{"line":15,"column":100}},{"start":{"line":15,"column":105},"end":{"line":15,"column":117}},{"start":{"line":15,"column":121},"end":{"line":15,"column":148}},{"start":{"line":15,"column":153},"end":{"line":15,"column":188}},{"start":{"line":15,"column":192},"end":{"line":15,"column":230}}]}},"s":{"0":1,"1":1,"2":1,"3":0,"4":0,"5":1,"6":1,"7":0,"8":0,"9":0,"10":0,"11":0,"12":0,"13":0,"14":0,"15":1},"f":{"0":0,"1":0,"2":0,"3":0},"b":{"0":[0,0],"1":[0,0,0,0,0,0,0,0]}}
,"C:\\Users\\Andy\\Desktop\\CRUD-API\\src\\user-router.ts": {"path":"C:\\Users\\Andy\\Desktop\\CRUD-API\\src\\user-router.ts","statementMap":{"0":{"start":{"line":1,"column":0},"end":{"line":1,"column":45}},"1":{"start":{"line":2,"column":0},"end":{"line":2,"column":56}},"2":{"start":{"line":4,"column":13},"end":{"line":4,"column":35}},"3":{"start":{"line":6,"column":0},"end":{"line":6,"column":35}},"4":{"start":{"line":8,"column":0},"end":{"line":8,"column":38}}},"fnMap":{},"branchMap":{},"s":{"0":1,"1":1,"2":1,"3":1,"4":1},"f":{},"b":{}}
}
